[debug] [2021-05-12T04:38:03.970Z] ----------------------------------------------------------------------
[debug] [2021-05-12T04:38:03.973Z] Command:       /snap/node/4594/bin/node /home/pablo/Documentos/disney_clone/disney_plus_clone/node_modules/.bin/firebase init
[debug] [2021-05-12T04:38:03.974Z] CLI Version:   9.10.2
[debug] [2021-05-12T04:38:03.974Z] Platform:      linux
[debug] [2021-05-12T04:38:03.974Z] Node Version:  v14.17.0
[debug] [2021-05-12T04:38:03.975Z] Time:          Wed May 12 2021 01:38:03 GMT-0300 (hora estándar de Argentina)
[debug] [2021-05-12T04:38:03.975Z] ----------------------------------------------------------------------
[debug] 
[debug] [2021-05-12T04:38:03.983Z] > command requires scopes: ["email","openid","https://www.googleapis.com/auth/cloudplatformprojects.readonly","https://www.googleapis.com/auth/firebase","https://www.googleapis.com/auth/cloud-platform"]
[debug] [2021-05-12T04:38:03.984Z] > authorizing via signed-in user (pablo.munaretto@gmail.com)
[info] 
     ######## #### ########  ######## ########     ###     ######  ########
     ##        ##  ##     ## ##       ##     ##  ##   ##  ##       ##
     ######    ##  ########  ######   ########  #########  ######  ######
     ##        ##  ##    ##  ##       ##     ## ##     ##       ## ##
     ##       #### ##     ## ######## ########  ##     ##  ######  ########

You're about to initialize a Firebase project in this directory:

  /home/pablo/Documentos/disney_clone/disney_plus_clone

[info] 
=== Project Setup
[info] 
[info] First, let's associate this project directory with a Firebase project.
[info] You can create multiple project aliases by running firebase use --add, 
[info] but for now we'll just set up a default project.
[info] 
[debug] [2021-05-12T04:38:16.051Z] > refreshing access token with scopes: []
[debug] [2021-05-12T04:38:16.053Z] >>> HTTP REQUEST POST https://www.googleapis.com/oauth2/v3/token  
 <request body omitted>
[debug] [2021-05-12T04:38:16.228Z] <<< HTTP RESPONSE 200 {"date":"Wed, 12 May 2021 04:38:16 GMT","cache-control":"no-cache, no-store, max-age=0, must-revalidate","pragma":"no-cache","expires":"Mon, 01 Jan 1990 00:00:00 GMT","content-type":"application/json; charset=utf-8","vary":"X-Origin, Referer, Origin,Accept-Encoding","server":"scaffolding on HTTPServer2","x-xss-protection":"0","x-frame-options":"SAMEORIGIN","x-content-type-options":"nosniff","alt-svc":"h3-29=\":443\"; ma=2592000,h3-T051=\":443\"; ma=2592000,h3-Q050=\":443\"; ma=2592000,h3-Q046=\":443\"; ma=2592000,h3-Q043=\":443\"; ma=2592000,quic=\":443\"; ma=2592000; v=\"46,43\"","accept-ranges":"none","transfer-encoding":"chunked"}
[debug] [2021-05-12T04:38:16.317Z] >>> [apiv2][query] GET https://firebase.googleapis.com/v1beta1/projects pageSize=100
[debug] [2021-05-12T04:38:17.430Z] <<< [apiv2][status] GET https://firebase.googleapis.com/v1beta1/projects 200
[debug] [2021-05-12T04:38:17.431Z] <<< [apiv2][body] GET https://firebase.googleapis.com/v1beta1/projects [omitted]
[info] i  Using project disney-clone-cdf52 (Disney Clone) 
[info] 
=== Hosting Setup
[info] 
[info] Your public directory is the folder (relative to your project directory) that
[info] will contain Hosting assets to be uploaded with firebase deploy. If you
[info] have a build process for your assets, use your build's output directory.
[info] 
[debug] [2021-05-12T04:38:56.667Z] >>> [apiv2][query] GET https://www.gstatic.com/firebasejs/releases.json [none]
[debug] [2021-05-12T04:38:56.765Z] <<< [apiv2][status] GET https://www.gstatic.com/firebasejs/releases.json 200
[debug] [2021-05-12T04:38:56.766Z] <<< [apiv2][body] GET https://www.gstatic.com/firebasejs/releases.json {"current":{"version":"8.6.0","browserURL":"https://www.gstatic.com/firebasejs/8.6.0/firebase.js","packageURL":"https://www.gstatic.com/firebasejs/8.6.0/firebase.tgz"},"live":{"version":"8.6","browserURL":"https://www.gstatic.com/firebasejs/live/8.6/firebase.js","packageURL":"https://www.gstatic.com/firebasejs/live/8.6/firebase.tgz"},"components":{"analytics":"https://www.gstatic.com/firebasejs/8.6.0/firebase-analytics.js","app":"https://www.gstatic.com/firebasejs/8.6.0/firebase-app.js","app-check":"https://www.gstatic.com/firebasejs/8.6.0/firebase-app-check.js","auth":"https://www.gstatic.com/firebasejs/8.6.0/firebase-auth.js","database":"https://www.gstatic.com/firebasejs/8.6.0/firebase-database.js","firestore":"https://www.gstatic.com/firebasejs/8.6.0/firebase-firestore.js","functions":"https://www.gstatic.com/firebasejs/8.6.0/firebase-functions.js","installations":"https://www.gstatic.com/firebasejs/8.6.0/firebase-installations.js","messaging":"https://www.gstatic.com/firebasejs/8.6.0/firebase-messaging.js","storage":"https://www.gstatic.com/firebasejs/8.6.0/firebase-storage.js","performance":"https://www.gstatic.com/firebasejs/8.6.0/firebase-performance.js","remote-config":"https://www.gstatic.com/firebasejs/8.6.0/firebase-remote-config.js","firestore.memory":"https://www.gstatic.com/firebasejs/8.6.0/firebase-firestore.memory.js"}}
[info] i  Skipping write of public/index.html 
[info] 
[info] i  Detected a .git folder at /home/pablo/Documentos/disney_clone/disney_plus_clone 
[info] i  Authorizing with GitHub to upload your service account to a GitHub repository's secrets store. 
[info] 
[info] Visit this URL on this device to log in:
[info] https://github.com/login/oauth/authorize?client_id=89cf50f02ac6aaed3484&state=94555647&redirect_uri=http%3A%2F%2Flocalhost%3A9005&scope=read%3Auser%20repo%20public_repo
[info] 
[info] Waiting for authentication...
[debug] [2021-05-12T04:39:16.486Z] >>> HTTP REQUEST POST https://github.com/login/oauth/access_token  
 {"client_id":"89cf50f02ac6aaed3484","client_secret":"3330d14abc895d9a74d5f17cd7a00711fa2c5bf0","code":"9e48a391f61624aa2af2","redirect_uri":"http://localhost:9005","state":"94555647"}
[debug] [2021-05-12T04:39:17.320Z] <<< HTTP RESPONSE 200 {"server":"GitHub.com","date":"Wed, 12 May 2021 04:39:17 GMT","content-type":"application/json; charset=utf-8","transfer-encoding":"chunked","vary":"X-PJAX, Accept-Encoding, Accept, X-Requested-With","permissions-policy":"interest-cohort=()","etag":"W/\"933c32a3b81d964f36aa65a1047920f0\"","cache-control":"max-age=0, private, must-revalidate","strict-transport-security":"max-age=31536000; includeSubdomains; preload","x-frame-options":"deny","x-content-type-options":"nosniff","x-xss-protection":"0","referrer-policy":"origin-when-cross-origin, strict-origin-when-cross-origin","expect-ct":"max-age=2592000, report-uri=\"https://api.github.com/_private/browser/errors\"","content-security-policy":"default-src 'none'; base-uri 'self'; block-all-mixed-content; connect-src 'self' uploads.github.com www.githubstatus.com collector.githubapp.com api.github.com github-cloud.s3.amazonaws.com github-production-repository-file-5c1aeb.s3.amazonaws.com github-production-upload-manifest-file-7fdce7.s3.amazonaws.com github-production-user-asset-6210df.s3.amazonaws.com cdn.optimizely.com logx.optimizely.com/v1/events wss://alive.github.com; font-src github.githubassets.com; form-action 'self' github.com gist.github.com; frame-ancestors 'none'; frame-src render.githubusercontent.com; img-src 'self' data: github.githubassets.com identicons.github.com collector.githubapp.com github-cloud.s3.amazonaws.com secured-user-images.githubusercontent.com/ *.githubusercontent.com; manifest-src 'self'; media-src 'none'; script-src github.githubassets.com; style-src 'unsafe-inline' github.githubassets.com; worker-src github.com/socket-worker-3f088aa2.js gist.github.com/socket-worker-3f088aa2.js","x-github-request-id":"5821:799E:30A53A:4E7630:609B5BF4"}
[debug] [2021-05-12T04:39:17.328Z] >>> [apiv2][query] GET https://api.github.com/user [none]
[debug] [2021-05-12T04:39:18.244Z] <<< [apiv2][status] GET https://api.github.com/user 200
[debug] [2021-05-12T04:39:18.244Z] <<< [apiv2][body] GET https://api.github.com/user {"login":"PabloMunaretto","id":75806687,"node_id":"MDQ6VXNlcjc1ODA2Njg3","avatar_url":"https://avatars.githubusercontent.com/u/75806687?v=4","gravatar_id":"","url":"https://api.github.com/users/PabloMunaretto","html_url":"https://github.com/PabloMunaretto","followers_url":"https://api.github.com/users/PabloMunaretto/followers","following_url":"https://api.github.com/users/PabloMunaretto/following{/other_user}","gists_url":"https://api.github.com/users/PabloMunaretto/gists{/gist_id}","starred_url":"https://api.github.com/users/PabloMunaretto/starred{/owner}{/repo}","subscriptions_url":"https://api.github.com/users/PabloMunaretto/subscriptions","organizations_url":"https://api.github.com/users/PabloMunaretto/orgs","repos_url":"https://api.github.com/users/PabloMunaretto/repos","events_url":"https://api.github.com/users/PabloMunaretto/events{/privacy}","received_events_url":"https://api.github.com/users/PabloMunaretto/received_events","type":"User","site_admin":false,"name":null,"company":null,"blog":"","location":null,"email":null,"hireable":null,"bio":null,"twitter_username":null,"public_repos":6,"public_gists":0,"followers":7,"following":6,"created_at":"2020-12-10T18:35:42Z","updated_at":"2021-05-12T04:39:16Z","private_gists":0,"total_private_repos":40,"owned_private_repos":1,"disk_usage":11401,"collaborators":0,"two_factor_authentication":false,"plan":{"name":"free","space":976562499,"collaborators":0,"private_repos":10000}}
[info] 
[info] ✔  Success! Logged into GitHub as PabloMunaretto 
[info] 
